<?xml version="1.0" encoding="UTF-8"?>
<!-- Generated by org.testng.reporters.JUnitReportReporter -->
<testsuite hostname="LAPTOP-HTP87A41" name="com.testCases.TC07_Printorder" tests="1" failures="0" timestamp="2 Jun 2020 17:07:23 GMT" time="17.738" errors="0">
  <testcase name="print" time="17.738" classname="com.testCases.TC07_Printorder"/>
</testsuite> <!-- com.testCases.TC07_Printorder -->
