<?xml version="1.0" encoding="UTF-8"?>
<!-- Generated by org.testng.reporters.JUnitReportReporter -->
<testsuite hostname="LAPTOP-HTP87A41" name="com.testCases.TC06_AddtoCartandOrder" tests="1" failures="0" timestamp="23 May 2020 15:58:23 GMT" time="118.423" errors="0">
  <testcase name="order" time="118.423" classname="com.testCases.TC06_AddtoCartandOrder"/>
</testsuite> <!-- com.testCases.TC06_AddtoCartandOrder -->
