<?xml version="1.0" encoding="UTF-8"?>
<!-- Generated by org.testng.reporters.JUnitReportReporter -->
<testsuite hostname="LAPTOP-HTP87A41" name="com.testCases.TC2_CompareMobilePrice" tests="1" failures="0" timestamp="3 May 2020 09:59:13 GMT" time="13.597" errors="0">
  <testcase name="compare" time="13.597" classname="com.testCases.TC2_CompareMobilePrice"/>
</testsuite> <!-- com.testCases.TC2_CompareMobilePrice -->
