<?xml version="1.0" encoding="UTF-8"?>
<!-- Generated by org.testng.reporters.JUnitReportReporter -->
<testsuite hostname="LAPTOP-HTP87A41" name="com.testCases.TestCase1" tests="1" failures="0" timestamp="23 Apr 2020 17:54:23 GMT" time="10.047" errors="0">
  <testcase name="SortbyName" time="10.047" classname="com.testCases.TestCase1"/>
</testsuite> <!-- com.testCases.TestCase1 -->
