<?xml version="1.0" encoding="UTF-8"?>
<!-- Generated by org.testng.reporters.JUnitReportReporter -->
<testsuite hostname="LAPTOP-HTP87A41" name="com.testCases.TC05_ShareWhishlist" tests="1" failures="0" timestamp="21 May 2020 16:51:32 GMT" time="54.514" errors="0">
  <testcase name="WishList" time="54.514" classname="com.testCases.TC05_ShareWhishlist"/>
</testsuite> <!-- com.testCases.TC05_ShareWhishlist -->
