<?xml version="1.0" encoding="UTF-8"?>
<!-- Generated by org.testng.reporters.JUnitReportReporter -->
<testsuite hostname="LAPTOP-HTP87A41" name="com.testCases.TC_Login_01" tests="1" failures="0" timestamp="3 May 2020 09:34:00 GMT" time="7.269" errors="0">
  <testcase name="login" time="7.269" classname="com.testCases.TC_Login_01"/>
</testsuite> <!-- com.testCases.TC_Login_01 -->
