<?xml version="1.0" encoding="UTF-8"?>
<!-- Generated by org.testng.reporters.JUnitReportReporter -->
<testsuite hostname="LAPTOP-HTP87A41" name="com.testCases.TC01_MobileProductsSortbyName" tests="1" failures="0" timestamp="16 May 2020 10:05:50 GMT" time="7.362" errors="0">
  <testcase name="SortbyName" time="7.362" classname="com.testCases.TC01_MobileProductsSortbyName"/>
</testsuite> <!-- com.testCases.TC01_MobileProductsSortbyName -->
