<?xml version="1.0" encoding="UTF-8"?>
<!-- Generated by org.testng.reporters.JUnitReportReporter -->
<testsuite hostname="LAPTOP-HTP87A41" name="com.testCases.Example" tests="1" failures="0" timestamp="24 Apr 2020 10:52:06 GMT" time="0.006" errors="0">
  <testcase name="C" time="0.006" classname="com.testCases.Example"/>
</testsuite> <!-- com.testCases.Example -->
