<?xml version="1.0" encoding="UTF-8"?>
<!-- Generated by org.testng.reporters.JUnitReportReporter -->
<testsuite hostname="LAPTOP-HTP87A41" name="com.testCases.TC04_CompareMobiles" tests="1" failures="0" timestamp="16 May 2020 10:13:59 GMT" time="12.476" errors="0">
  <testcase name="mobilesComparision" time="12.476" classname="com.testCases.TC04_CompareMobiles"/>
</testsuite> <!-- com.testCases.TC04_CompareMobiles -->
