<?xml version="1.0" encoding="UTF-8"?>
<!-- Generated by org.testng.reporters.JUnitReportReporter -->
<testsuite hostname="LAPTOP-HTP87A41" name="com.testCases.TC01_MobileProductsSortbyName" tests="1" failures="0" timestamp="13 Jun 2020 11:57:45 GMT" time="19.917" errors="0">
  <testcase name="SortbyName" time="19.917" classname="com.testCases.TC01_MobileProductsSortbyName"/>
</testsuite> <!-- com.testCases.TC01_MobileProductsSortbyName -->
